2020-04-05 02:35:14.819+0000 INFO  [o.n.k.i.f.CommunityEditionModule] No locking implementation specified, defaulting to 'community'
2020-04-05 02:35:14.936+0000 INFO  [o.n.k.AvailabilityGuard] Requirement makes database unavailable: Database available
2020-04-05 02:35:14.961+0000 INFO  [o.n.k.i.DiagnosticsManager] --- INITIALIZED diagnostics START ---
2020-04-05 02:35:14.961+0000 INFO  [o.n.k.i.DiagnosticsManager] Neo4j Kernel properties:
2020-04-05 02:35:14.961+0000 INFO  [o.n.k.i.DiagnosticsManager] dbms.security.auth_enabled=true
2020-04-05 02:35:14.961+0000 INFO  [o.n.k.i.DiagnosticsManager] causal_clustering.raft_advertised_address=08b79dfa220c:7000
2020-04-05 02:35:14.962+0000 INFO  [o.n.k.i.DiagnosticsManager] dbms.directories.import=import
2020-04-05 02:35:14.962+0000 INFO  [o.n.k.i.DiagnosticsManager] dbms.memory.heap.initial_size=512M
2020-04-05 02:35:14.962+0000 INFO  [o.n.k.i.DiagnosticsManager] dbms.jvm.additional=-Dunsupported.dbms.udc.source=tarball
2020-04-05 02:35:14.962+0000 INFO  [o.n.k.i.DiagnosticsManager] dbms.tx_log.rotation.retention_policy=100M size
2020-04-05 02:35:14.962+0000 INFO  [o.n.k.i.DiagnosticsManager] dbms.windows_service_name=neo4j
2020-04-05 02:35:14.962+0000 INFO  [o.n.k.i.DiagnosticsManager] dbms.connector.bolt.listen_address=0.0.0.0:7687
2020-04-05 02:35:14.962+0000 INFO  [o.n.k.i.DiagnosticsManager] dbms.connector.bolt.enabled=true
2020-04-05 02:35:14.962+0000 INFO  [o.n.k.i.DiagnosticsManager] dbms.connector.http.enabled=true
2020-04-05 02:35:14.963+0000 INFO  [o.n.k.i.DiagnosticsManager] dbms.connector.http.listen_address=0.0.0.0:7474
2020-04-05 02:35:14.963+0000 INFO  [o.n.k.i.DiagnosticsManager] unsupported.dbms.directories.neo4j_home=/var/lib/neo4j
2020-04-05 02:35:14.963+0000 INFO  [o.n.k.i.DiagnosticsManager] dbms.connector.https.enabled=true
2020-04-05 02:35:14.963+0000 INFO  [o.n.k.i.DiagnosticsManager] dbms.memory.heap.max_size=512M
2020-04-05 02:35:14.963+0000 INFO  [o.n.k.i.DiagnosticsManager] dbms.connectors.default_listen_address=0.0.0.0
2020-04-05 02:35:14.963+0000 INFO  [o.n.k.i.DiagnosticsManager] dbms.connector.https.listen_address=0.0.0.0:7473
2020-04-05 02:35:14.963+0000 INFO  [o.n.k.i.DiagnosticsManager] causal_clustering.transaction_advertised_address=08b79dfa220c:6000
2020-04-05 02:35:14.963+0000 INFO  [o.n.k.i.DiagnosticsManager] causal_clustering.discovery_advertised_address=08b79dfa220c:5000
2020-04-05 02:35:14.964+0000 INFO  [o.n.k.i.DiagnosticsManager] dbms.memory.pagecache.size=512M
2020-04-05 02:35:14.964+0000 INFO  [o.n.k.i.DiagnosticsManager] unsupported.dbms.edition=community
2020-04-05 02:35:14.964+0000 INFO  [o.n.k.i.DiagnosticsManager] dbms.directories.logs=/logs
2020-04-05 02:35:14.964+0000 INFO  [o.n.k.i.DiagnosticsManager] wrapper.java.additional=-Dneo4j.ext.udc.source=docker
2020-04-05 02:35:14.964+0000 INFO  [o.n.k.i.DiagnosticsManager] Diagnostics providers:
2020-04-05 02:35:14.964+0000 INFO  [o.n.k.i.DiagnosticsManager] org.neo4j.kernel.configuration.Config
2020-04-05 02:35:14.964+0000 INFO  [o.n.k.i.DiagnosticsManager] org.neo4j.kernel.info.DiagnosticsManager
2020-04-05 02:35:14.964+0000 INFO  [o.n.k.i.DiagnosticsManager] SYSTEM_MEMORY
2020-04-05 02:35:14.964+0000 INFO  [o.n.k.i.DiagnosticsManager] JAVA_MEMORY
2020-04-05 02:35:14.965+0000 INFO  [o.n.k.i.DiagnosticsManager] OPERATING_SYSTEM
2020-04-05 02:35:14.965+0000 INFO  [o.n.k.i.DiagnosticsManager] JAVA_VIRTUAL_MACHINE
2020-04-05 02:35:14.965+0000 INFO  [o.n.k.i.DiagnosticsManager] CLASSPATH
2020-04-05 02:35:14.965+0000 INFO  [o.n.k.i.DiagnosticsManager] LIBRARY_PATH
2020-04-05 02:35:14.965+0000 INFO  [o.n.k.i.DiagnosticsManager] SYSTEM_PROPERTIES
2020-04-05 02:35:14.965+0000 INFO  [o.n.k.i.DiagnosticsManager] LINUX_SCHEDULERS
2020-04-05 02:35:14.965+0000 INFO  [o.n.k.i.DiagnosticsManager] NETWORK
2020-04-05 02:35:14.965+0000 INFO  [o.n.k.i.DiagnosticsManager] System memory information:
2020-04-05 02:35:14.972+0000 INFO  [o.n.k.i.DiagnosticsManager] Total Physical memory: 1.94 GB
2020-04-05 02:35:14.972+0000 INFO  [o.n.k.i.DiagnosticsManager] Free Physical memory: 125.83 MB
2020-04-05 02:35:14.973+0000 INFO  [o.n.k.i.DiagnosticsManager] Committed virtual memory: 1.97 GB
2020-04-05 02:35:14.973+0000 INFO  [o.n.k.i.DiagnosticsManager] Total swap space: 1024.00 MB
2020-04-05 02:35:14.973+0000 INFO  [o.n.k.i.DiagnosticsManager] Free swap space: 1023.23 MB
2020-04-05 02:35:14.973+0000 INFO  [o.n.k.i.DiagnosticsManager] JVM memory information:
2020-04-05 02:35:14.973+0000 INFO  [o.n.k.i.DiagnosticsManager] Free  memory: 465.51 MB
2020-04-05 02:35:14.974+0000 INFO  [o.n.k.i.DiagnosticsManager] Total memory: 512.00 MB
2020-04-05 02:35:14.974+0000 INFO  [o.n.k.i.DiagnosticsManager] Max   memory: 512.00 MB
2020-04-05 02:35:14.977+0000 INFO  [o.n.k.i.DiagnosticsManager] Garbage Collector: G1 Young Generation: [G1 Eden Space, G1 Survivor Space]
2020-04-05 02:35:14.977+0000 INFO  [o.n.k.i.DiagnosticsManager] Garbage Collector: G1 Old Generation: [G1 Eden Space, G1 Survivor Space, G1 Old Gen]
2020-04-05 02:35:14.977+0000 INFO  [o.n.k.i.DiagnosticsManager] Memory Pool: Code Cache (Non-heap memory): committed=5.06 MB, used=5.03 MB, max=240.00 MB, threshold=0.00 B
2020-04-05 02:35:14.978+0000 INFO  [o.n.k.i.DiagnosticsManager] Memory Pool: Metaspace (Non-heap memory): committed=14.13 MB, used=13.43 MB, max=-1.00 B, threshold=0.00 B
2020-04-05 02:35:14.978+0000 INFO  [o.n.k.i.DiagnosticsManager] Memory Pool: Compressed Class Space (Non-heap memory): committed=1.88 MB, used=1.64 MB, max=1.00 GB, threshold=0.00 B
2020-04-05 02:35:14.978+0000 INFO  [o.n.k.i.DiagnosticsManager] Memory Pool: G1 Eden Space (Heap memory): committed=320.00 MB, used=38.00 MB, max=-1.00 B, threshold=?
2020-04-05 02:35:14.978+0000 INFO  [o.n.k.i.DiagnosticsManager] Memory Pool: G1 Survivor Space (Heap memory): committed=3.00 MB, used=3.00 MB, max=-1.00 B, threshold=?
2020-04-05 02:35:14.979+0000 INFO  [o.n.k.i.DiagnosticsManager] Memory Pool: G1 Old Gen (Heap memory): committed=189.00 MB, used=4.98 MB, max=512.00 MB, threshold=0.00 B
2020-04-05 02:35:14.979+0000 INFO  [o.n.k.i.DiagnosticsManager] Operating system information:
2020-04-05 02:35:14.980+0000 INFO  [o.n.k.i.DiagnosticsManager] Operating System: Linux; version: 4.19.76-linuxkit; arch: amd64; cpus: 6
2020-04-05 02:35:14.980+0000 INFO  [o.n.k.i.DiagnosticsManager] Max number of file descriptors: 1048576
2020-04-05 02:35:14.980+0000 INFO  [o.n.k.i.DiagnosticsManager] Number of open file descriptors: 93
2020-04-05 02:35:14.982+0000 INFO  [o.n.k.i.DiagnosticsManager] Process id: 1@08b79dfa220c
2020-04-05 02:35:14.982+0000 INFO  [o.n.k.i.DiagnosticsManager] Byte order: LITTLE_ENDIAN
2020-04-05 02:35:14.982+0000 INFO  [o.n.k.i.DiagnosticsManager] Local timezone: GMT
2020-04-05 02:35:14.982+0000 INFO  [o.n.k.i.DiagnosticsManager] JVM information:
2020-04-05 02:35:14.982+0000 INFO  [o.n.k.i.DiagnosticsManager] VM Name: OpenJDK 64-Bit Server VM
2020-04-05 02:35:14.982+0000 INFO  [o.n.k.i.DiagnosticsManager] VM Vendor: Oracle Corporation
2020-04-05 02:35:14.982+0000 INFO  [o.n.k.i.DiagnosticsManager] VM Version: 25.181-b13
2020-04-05 02:35:14.983+0000 INFO  [o.n.k.i.DiagnosticsManager] JIT compiler: HotSpot 64-Bit Tiered Compilers
2020-04-05 02:35:14.983+0000 INFO  [o.n.k.i.DiagnosticsManager] VM Arguments: [-Xms512M, -Xmx512M, -XX:+UseG1GC, -XX:-OmitStackTraceInFastThrow, -XX:+AlwaysPreTouch, -XX:+UnlockExperimentalVMOptions, -XX:+TrustFinalNonStaticFields, -XX:+DisableExplicitGC, -Djdk.tls.ephemeralDHKeySize=2048, -Dunsupported.dbms.udc.source=tarball, -Dfile.encoding=UTF-8]
2020-04-05 02:35:14.983+0000 INFO  [o.n.k.i.DiagnosticsManager] Java classpath:
2020-04-05 02:35:14.986+0000 INFO  [o.n.k.i.DiagnosticsManager]  [classpath + loader.0] file:/var/lib/neo4j/lib/neo4j-jmx-3.1.1.jar
2020-04-05 02:35:14.986+0000 INFO  [o.n.k.i.DiagnosticsManager]  [classpath + loader.0] file:/var/lib/neo4j/lib/jetty-util-9.2.9.v20150224.jar
2020-04-05 02:35:14.986+0000 INFO  [o.n.k.i.DiagnosticsManager]  [classpath + loader.0] file:/var/lib/neo4j/lib/neo4j-cypher-frontend-3.0-3.0.8.jar
2020-04-05 02:35:14.986+0000 INFO  [o.n.k.i.DiagnosticsManager]  [classpath + loader.0] file:/var/lib/neo4j/lib/jackson-core-asl-1.9.13.jar
2020-04-05 02:35:14.986+0000 INFO  [o.n.k.i.DiagnosticsManager]  [classpath + loader.0] file:/var/lib/neo4j/lib/neo4j-logging-3.1.1.jar
2020-04-05 02:35:14.986+0000 INFO  [o.n.k.i.DiagnosticsManager]  [loader.1] file:/usr/lib/jvm/java-1.8-openjdk/jre/lib/ext/jaccess.jar
2020-04-05 02:35:14.987+0000 INFO  [o.n.k.i.DiagnosticsManager]  [classpath + loader.0] file:/var/lib/neo4j/lib/jetty-server-9.2.9.v20150224.jar
2020-04-05 02:35:14.987+0000 INFO  [o.n.k.i.DiagnosticsManager]  [classpath + loader.0] file:/var/lib/neo4j/lib/scala-reflect-2.11.8.jar
2020-04-05 02:35:14.987+0000 INFO  [o.n.k.i.DiagnosticsManager]  [classpath + loader.0] file:/var/lib/neo4j/lib/commons-io-2.4.jar
2020-04-05 02:35:14.987+0000 INFO  [o.n.k.i.DiagnosticsManager]  [classpath + loader.0] file:/var/lib/neo4j/lib/neo4j-graph-algo-3.1.1.jar
2020-04-05 02:35:14.987+0000 INFO  [o.n.k.i.DiagnosticsManager]  [classpath + loader.0] file:/var/lib/neo4j/lib/concurrentlinkedhashmap-lru-1.4.2.jar
2020-04-05 02:35:14.987+0000 INFO  [o.n.k.i.DiagnosticsManager]  [classpath + loader.0] file:/var/lib/neo4j/lib/neo4j-cypher-frontend-2.3-2.3.8.jar
2020-04-05 02:35:14.987+0000 INFO  [o.n.k.i.DiagnosticsManager]  [classpath + loader.0] file:/var/lib/neo4j/lib/neo4j-cypher-frontend-3.1-3.1.1.jar
2020-04-05 02:35:14.987+0000 INFO  [o.n.k.i.DiagnosticsManager]  [classpath + loader.0] file:/var/lib/neo4j/lib/neo4j-command-line-3.1.1.jar
2020-04-05 02:35:14.987+0000 INFO  [o.n.k.i.DiagnosticsManager]  [classpath + loader.0] file:/var/lib/neo4j/lib/neo4j-cypher-compiler-3.1-3.1.1.jar
2020-04-05 02:35:14.987+0000 INFO  [o.n.k.i.DiagnosticsManager]  [classpath + loader.0] file:/var/lib/neo4j/lib/jetty-io-9.2.9.v20150224.jar
2020-04-05 02:35:14.987+0000 INFO  [o.n.k.i.DiagnosticsManager]  [classpath + loader.0] file:/var/lib/neo4j/lib/neo4j-unsafe-3.1.1.jar
2020-04-05 02:35:14.987+0000 INFO  [o.n.k.i.DiagnosticsManager]  [classpath + loader.0] file:/var/lib/neo4j/lib/neo4j-cypher-compiler-3.0-3.0.8.jar
2020-04-05 02:35:14.988+0000 INFO  [o.n.k.i.DiagnosticsManager]  [bootstrap] /usr/lib/jvm/java-1.8-openjdk/jre/lib/jce.jar
2020-04-05 02:35:14.988+0000 INFO  [o.n.k.i.DiagnosticsManager]  [classpath + loader.0] file:/var/lib/neo4j/lib/neo4j-security-3.1.1.jar
2020-04-05 02:35:14.988+0000 INFO  [o.n.k.i.DiagnosticsManager]  [classpath + loader.0] file:/var/lib/neo4j/lib/neo4j-import-tool-3.1.1.jar
2020-04-05 02:35:14.988+0000 INFO  [o.n.k.i.DiagnosticsManager]  [classpath + loader.0] file:/var/lib/neo4j/lib/commons-beanutils-1.8.3.jar
2020-04-05 02:35:14.988+0000 INFO  [o.n.k.i.DiagnosticsManager]  [classpath + loader.0] file:/var/lib/neo4j/lib/jersey-core-1.19.jar
2020-04-05 02:35:14.988+0000 INFO  [o.n.k.i.DiagnosticsManager]  [classpath + loader.0] file:/var/lib/neo4j/lib/neo4j-browser-2.0.0-M10.jar
2020-04-05 02:35:14.988+0000 INFO  [o.n.k.i.DiagnosticsManager]  [classpath + loader.0] file:/var/lib/neo4j/lib/commons-configuration-1.10.jar
2020-04-05 02:35:14.988+0000 INFO  [o.n.k.i.DiagnosticsManager]  [classpath + loader.0] file:/var/lib/neo4j/lib/neo4j-graph-matching-3.1.1.jar
2020-04-05 02:35:14.988+0000 INFO  [o.n.k.i.DiagnosticsManager]  [loader.1] file:/usr/lib/jvm/java-1.8-openjdk/jre/lib/ext/sunec.jar
2020-04-05 02:35:14.988+0000 INFO  [o.n.k.i.DiagnosticsManager]  [classpath + loader.0] file:/var/lib/neo4j/lib/lucene-codecs-5.5.0.jar
2020-04-05 02:35:14.988+0000 INFO  [o.n.k.i.DiagnosticsManager]  [classpath + loader.0] file:/var/lib/neo4j/lib/neo4j-cypher-compiler-2.3-2.3.8.jar
2020-04-05 02:35:14.988+0000 INFO  [o.n.k.i.DiagnosticsManager]  [bootstrap] /usr/lib/jvm/java-1.8-openjdk/jre/classes
2020-04-05 02:35:14.988+0000 INFO  [o.n.k.i.DiagnosticsManager]  [classpath + loader.0] file:/var/lib/neo4j/lib/neo4j-common-3.1.1.jar
2020-04-05 02:35:14.988+0000 INFO  [o.n.k.i.DiagnosticsManager]  [classpath + loader.0] file:/var/lib/neo4j/lib/bcprov-jdk15on-1.53.jar
2020-04-05 02:35:14.988+0000 INFO  [o.n.k.i.DiagnosticsManager]  [classpath + loader.0] file:/var/lib/neo4j/lib/neo4j-lucene-upgrade-3.1.1.jar
2020-04-05 02:35:14.988+0000 INFO  [o.n.k.i.DiagnosticsManager]  [classpath + loader.0] file:/var/lib/neo4j/lib/javax.servlet-api-3.1.0.jar
2020-04-05 02:35:14.988+0000 INFO  [o.n.k.i.DiagnosticsManager]  [classpath + loader.0] file:/var/lib/neo4j/lib/commons-digester-2.1.jar
2020-04-05 02:35:14.988+0000 INFO  [o.n.k.i.DiagnosticsManager]  [bootstrap] /usr/lib/jvm/java-1.8-openjdk/jre/lib/rt.jar
2020-04-05 02:35:14.989+0000 INFO  [o.n.k.i.DiagnosticsManager]  [loader.1] file:/usr/lib/jvm/java-1.8-openjdk/jre/lib/ext/localedata.jar
2020-04-05 02:35:14.989+0000 INFO  [o.n.k.i.DiagnosticsManager]  [classpath + loader.0] file:/var/lib/neo4j/lib/neo4j-bolt-3.1.1.jar
2020-04-05 02:35:14.989+0000 INFO  [o.n.k.i.DiagnosticsManager]  [classpath + loader.0] file:/var/lib/neo4j/plugins/
2020-04-05 02:35:14.989+0000 INFO  [o.n.k.i.DiagnosticsManager]  [loader.1] file:/usr/lib/jvm/java-1.8-openjdk/jre/lib/ext/sunjce_provider.jar
2020-04-05 02:35:14.989+0000 INFO  [o.n.k.i.DiagnosticsManager]  [classpath + loader.0] file:/var/lib/neo4j/lib/commons-lang-2.6.jar
2020-04-05 02:35:14.989+0000 INFO  [o.n.k.i.DiagnosticsManager]  [classpath + loader.0] file:/var/lib/neo4j/lib/jetty-servlet-9.2.9.v20150224.jar
2020-04-05 02:35:14.989+0000 INFO  [o.n.k.i.DiagnosticsManager]  [classpath + loader.0] file:/var/lib/neo4j/lib/rhino-1.7R4.jar
2020-04-05 02:35:14.989+0000 INFO  [o.n.k.i.DiagnosticsManager]  [classpath + loader.0] file:/var/lib/neo4j/lib/neo4j-kernel-3.1.1.jar
2020-04-05 02:35:14.989+0000 INFO  [o.n.k.i.DiagnosticsManager]  [classpath + loader.0] file:/var/lib/neo4j/lib/jetty-http-9.2.9.v20150224.jar
2020-04-05 02:35:14.989+0000 INFO  [o.n.k.i.DiagnosticsManager]  [classpath + loader.0] file:/var/lib/neo4j/lib/neo4j-io-3.1.1.jar
2020-04-05 02:35:14.989+0000 INFO  [o.n.k.i.DiagnosticsManager]  [classpath + loader.0] file:/var/lib/neo4j/lib/commons-lang3-3.3.2.jar
2020-04-05 02:35:14.989+0000 INFO  [o.n.k.i.DiagnosticsManager]  [loader.1] file:/usr/lib/jvm/java-1.8-openjdk/jre/lib/ext/nashorn.jar
2020-04-05 02:35:14.989+0000 INFO  [o.n.k.i.DiagnosticsManager]  [classpath + loader.0] file:/var/lib/neo4j/lib/netty-all-4.1.6.Final.jar
2020-04-05 02:35:14.989+0000 INFO  [o.n.k.i.DiagnosticsManager]  [classpath + loader.0] file:/var/lib/neo4j/lib/lucene-queryparser-5.5.0.jar
2020-04-05 02:35:14.989+0000 INFO  [o.n.k.i.DiagnosticsManager]  [classpath + loader.0] file:/var/lib/neo4j/lib/scala-library-2.11.8.jar
2020-04-05 02:35:14.989+0000 INFO  [o.n.k.i.DiagnosticsManager]  [classpath + loader.0] file:/var/lib/neo4j/lib/neo4j-server-3.1.1.jar
2020-04-05 02:35:14.989+0000 INFO  [o.n.k.i.DiagnosticsManager]  [classpath + loader.0] file:/var/lib/neo4j/lib/jetty-security-9.2.9.v20150224.jar
2020-04-05 02:35:14.989+0000 INFO  [o.n.k.i.DiagnosticsManager]  [loader.1] file:/usr/lib/jvm/java-1.8-openjdk/jre/lib/ext/dnsns.jar
2020-04-05 02:35:14.989+0000 INFO  [o.n.k.i.DiagnosticsManager]  [bootstrap] /usr/lib/jvm/java-1.8-openjdk/jre/lib/jfr.jar
2020-04-05 02:35:14.990+0000 INFO  [o.n.k.i.DiagnosticsManager]  [classpath + loader.0] file:/var/lib/neo4j/lib/jline-2.12.jar
2020-04-05 02:35:14.990+0000 INFO  [o.n.k.i.DiagnosticsManager]  [classpath + loader.0] file:/var/lib/neo4j/lib/jersey-server-1.19.jar
2020-04-05 02:35:14.990+0000 INFO  [o.n.k.i.DiagnosticsManager]  [classpath + loader.0] file:/var/lib/neo4j/lib/neo4j-graphdb-api-3.1.1.jar
2020-04-05 02:35:14.990+0000 INFO  [o.n.k.i.DiagnosticsManager]  [classpath + loader.0] file:/var/lib/neo4j/conf/
2020-04-05 02:35:14.990+0000 INFO  [o.n.k.i.DiagnosticsManager]  [loader.1] file:/usr/lib/jvm/java-1.8-openjdk/jre/lib/ext/sunpkcs11.jar
2020-04-05 02:35:14.990+0000 INFO  [o.n.k.i.DiagnosticsManager]  [classpath + loader.0] file:/var/lib/neo4j/lib/bcpkix-jdk15on-1.53.jar
2020-04-05 02:35:14.990+0000 INFO  [o.n.k.i.DiagnosticsManager]  [classpath + loader.0] file:/var/lib/neo4j/lib/commons-compress-1.12.jar
2020-04-05 02:35:14.990+0000 INFO  [o.n.k.i.DiagnosticsManager]  [classpath + loader.0] file:/var/lib/neo4j/lib/neo4j-lucene-index-3.1.1.jar
2020-04-05 02:35:14.990+0000 INFO  [o.n.k.i.DiagnosticsManager]  [classpath + loader.0] file:/var/lib/neo4j/lib/neo4j-dbms-3.1.1.jar
2020-04-05 02:35:14.990+0000 INFO  [o.n.k.i.DiagnosticsManager]  [classpath + loader.0] file:/var/lib/neo4j/lib/neo4j-collections-3.1.1.jar
2020-04-05 02:35:14.990+0000 INFO  [o.n.k.i.DiagnosticsManager]  [classpath + loader.0] file:/var/lib/neo4j/lib/opencsv-2.3.jar
2020-04-05 02:35:14.990+0000 INFO  [o.n.k.i.DiagnosticsManager]  [classpath + loader.0] file:/var/lib/neo4j/lib/parboiled-scala_2.11-1.1.7.jar
2020-04-05 02:35:14.991+0000 INFO  [o.n.k.i.DiagnosticsManager]  [classpath + loader.0] file:/var/lib/neo4j/lib/jersey-servlet-1.19.jar
2020-04-05 02:35:14.991+0000 INFO  [o.n.k.i.DiagnosticsManager]  [classpath + loader.0] file:/var/lib/neo4j/lib/caffeine-2.3.3.jar
2020-04-05 02:35:14.991+0000 INFO  [o.n.k.i.DiagnosticsManager]  [classpath + loader.0] file:/var/lib/neo4j/lib/lucene-analyzers-common-5.5.0.jar
2020-04-05 02:35:14.991+0000 INFO  [o.n.k.i.DiagnosticsManager]  [classpath + loader.0] file:/var/lib/neo4j/lib/neo4j-shell-3.1.1.jar
2020-04-05 02:35:14.991+0000 INFO  [o.n.k.i.DiagnosticsManager]  [classpath + loader.0] file:/var/lib/neo4j/lib/lucene-core-5.5.0.jar
2020-04-05 02:35:14.991+0000 INFO  [o.n.k.i.DiagnosticsManager]  [bootstrap] /usr/lib/jvm/java-1.8-openjdk/jre/lib/resources.jar
2020-04-05 02:35:14.991+0000 INFO  [o.n.k.i.DiagnosticsManager]  [bootstrap] /usr/lib/jvm/java-1.8-openjdk/jre/lib/charsets.jar
2020-04-05 02:35:14.991+0000 INFO  [o.n.k.i.DiagnosticsManager]  [classpath + loader.0] file:/var/lib/neo4j/lib/neo4j-csv-3.1.1.jar
2020-04-05 02:35:14.991+0000 INFO  [o.n.k.i.DiagnosticsManager]  [classpath + loader.0] file:/var/lib/neo4j/lib/neo4j-cypher-3.1.1.jar
2020-04-05 02:35:14.991+0000 INFO  [o.n.k.i.DiagnosticsManager]  [classpath + loader.0] file:/var/lib/neo4j/lib/jetty-webapp-9.2.9.v20150224.jar
2020-04-05 02:35:14.991+0000 INFO  [o.n.k.i.DiagnosticsManager]  [classpath + loader.0] file:/var/lib/neo4j/lib/neo4j-udc-3.1.1.jar
2020-04-05 02:35:14.991+0000 INFO  [o.n.k.i.DiagnosticsManager]  [classpath + loader.0] file:/var/lib/neo4j/lib/jackson-mapper-asl-1.9.13.jar
2020-04-05 02:35:14.991+0000 INFO  [o.n.k.i.DiagnosticsManager]  [classpath + loader.0] file:/var/lib/neo4j/lib/neo4j-resource-3.1.1.jar
2020-04-05 02:35:14.991+0000 INFO  [o.n.k.i.DiagnosticsManager]  [classpath + loader.0] file:/var/lib/neo4j/lib/neo4j-consistency-check-3.1.1.jar
2020-04-05 02:35:14.991+0000 INFO  [o.n.k.i.DiagnosticsManager]  [classpath + loader.0] file:/var/lib/neo4j/lib/jetty-xml-9.2.9.v20150224.jar
2020-04-05 02:35:14.991+0000 INFO  [o.n.k.i.DiagnosticsManager]  [classpath + loader.0] file:/var/lib/neo4j/lib/server-api-3.1.1.jar
2020-04-05 02:35:14.991+0000 INFO  [o.n.k.i.DiagnosticsManager]  [classpath + loader.0] file:/var/lib/neo4j/lib/jackson-jaxrs-1.9.13.jar
2020-04-05 02:35:14.991+0000 INFO  [o.n.k.i.DiagnosticsManager]  [loader.1] file:/usr/lib/jvm/java-1.8-openjdk/jre/lib/ext/zipfs.jar
2020-04-05 02:35:14.991+0000 INFO  [o.n.k.i.DiagnosticsManager]  [classpath + loader.0] file:/var/lib/neo4j/lib/neo4j-codegen-3.1.1.jar
2020-04-05 02:35:14.991+0000 INFO  [o.n.k.i.DiagnosticsManager]  [classpath + loader.0] file:/var/lib/neo4j/plugins/*
2020-04-05 02:35:14.991+0000 INFO  [o.n.k.i.DiagnosticsManager]  [classpath + loader.0] file:/var/lib/neo4j/lib/neo4j-primitive-collections-3.1.1.jar
2020-04-05 02:35:14.991+0000 INFO  [o.n.k.i.DiagnosticsManager]  [loader.1] file:/usr/lib/jvm/java-1.8-openjdk/jre/lib/ext/cldrdata.jar
2020-04-05 02:35:14.991+0000 INFO  [o.n.k.i.DiagnosticsManager]  [classpath + loader.0] file:/var/lib/neo4j/lib/jsr311-api-1.1.2.r612.jar
2020-04-05 02:35:14.991+0000 INFO  [o.n.k.i.DiagnosticsManager]  [classpath + loader.0] file:/var/lib/neo4j/lib/asm-5.0.4.jar
2020-04-05 02:35:14.991+0000 INFO  [o.n.k.i.DiagnosticsManager]  [classpath + loader.0] file:/var/lib/neo4j/lib/jersey-multipart-1.19.jar
2020-04-05 02:35:14.992+0000 INFO  [o.n.k.i.DiagnosticsManager]  [bootstrap] /usr/lib/jvm/java-1.8-openjdk/jre/lib/jsse.jar
2020-04-05 02:35:14.992+0000 INFO  [o.n.k.i.DiagnosticsManager]  [bootstrap] /usr/lib/jvm/java-1.8-openjdk/jre/lib/sunrsasign.jar
2020-04-05 02:35:14.992+0000 INFO  [o.n.k.i.DiagnosticsManager]  [classpath + loader.0] file:/var/lib/neo4j/lib/commons-logging-1.1.1.jar
2020-04-05 02:35:14.992+0000 INFO  [o.n.k.i.DiagnosticsManager]  [classpath + loader.0] file:/var/lib/neo4j/lib/parboiled-core-1.1.7.jar
2020-04-05 02:35:14.992+0000 INFO  [o.n.k.i.DiagnosticsManager]  [classpath + loader.0] file:/var/lib/neo4j/lib/mimepull-1.9.3.jar
2020-04-05 02:35:14.992+0000 INFO  [o.n.k.i.DiagnosticsManager] Library path:
2020-04-05 02:35:14.992+0000 INFO  [o.n.k.i.DiagnosticsManager] /usr/lib/jvm/java-1.8-openjdk/jre/lib/amd64/server
2020-04-05 02:35:14.992+0000 INFO  [o.n.k.i.DiagnosticsManager] /usr/lib/jvm/java-1.8-openjdk/jre/lib/amd64
2020-04-05 02:35:14.992+0000 INFO  [o.n.k.i.DiagnosticsManager] /usr/lib/jvm/java-1.8-openjdk/lib/amd64
2020-04-05 02:35:14.992+0000 INFO  [o.n.k.i.DiagnosticsManager] /usr/java/packages/lib/amd64
2020-04-05 02:35:14.992+0000 INFO  [o.n.k.i.DiagnosticsManager] /usr/lib64
2020-04-05 02:35:14.992+0000 INFO  [o.n.k.i.DiagnosticsManager] /lib64
2020-04-05 02:35:14.992+0000 INFO  [o.n.k.i.DiagnosticsManager] /lib
2020-04-05 02:35:14.992+0000 INFO  [o.n.k.i.DiagnosticsManager] /usr/lib
2020-04-05 02:35:14.992+0000 INFO  [o.n.k.i.DiagnosticsManager] System.properties:
2020-04-05 02:35:14.993+0000 INFO  [o.n.k.i.DiagnosticsManager] sun.boot.library.path = /usr/lib/jvm/java-1.8-openjdk/jre/lib/amd64
2020-04-05 02:35:14.993+0000 INFO  [o.n.k.i.DiagnosticsManager] path.separator = :
2020-04-05 02:35:14.993+0000 INFO  [o.n.k.i.DiagnosticsManager] file.encoding.pkg = sun.io
2020-04-05 02:35:14.993+0000 INFO  [o.n.k.i.DiagnosticsManager] user.country = US
2020-04-05 02:35:14.993+0000 INFO  [o.n.k.i.DiagnosticsManager] sun.java.launcher = SUN_STANDARD
2020-04-05 02:35:14.993+0000 INFO  [o.n.k.i.DiagnosticsManager] sun.os.patch.level = unknown
2020-04-05 02:35:14.993+0000 INFO  [o.n.k.i.DiagnosticsManager] user.dir = /var/lib/neo4j
2020-04-05 02:35:14.993+0000 INFO  [o.n.k.i.DiagnosticsManager] sun.jnu.encoding = UTF-8
2020-04-05 02:35:14.993+0000 INFO  [o.n.k.i.DiagnosticsManager] unsupported.dbms.udc.source = tarball
2020-04-05 02:35:14.993+0000 INFO  [o.n.k.i.DiagnosticsManager] sun.management.compiler = HotSpot 64-Bit Tiered Compilers
2020-04-05 02:35:14.993+0000 INFO  [o.n.k.i.DiagnosticsManager] user.home = /root
2020-04-05 02:35:14.993+0000 INFO  [o.n.k.i.DiagnosticsManager] user.timezone = GMT
2020-04-05 02:35:14.993+0000 INFO  [o.n.k.i.DiagnosticsManager] file.encoding = UTF-8
2020-04-05 02:35:14.993+0000 INFO  [o.n.k.i.DiagnosticsManager] user.name = root
2020-04-05 02:35:14.993+0000 INFO  [o.n.k.i.DiagnosticsManager] sun.java.command = org.neo4j.server.CommunityEntryPoint --home-dir=/var/lib/neo4j --config-dir=/var/lib/neo4j/conf
2020-04-05 02:35:14.994+0000 INFO  [o.n.k.i.DiagnosticsManager] sun.arch.data.model = 64
2020-04-05 02:35:14.994+0000 INFO  [o.n.k.i.DiagnosticsManager] user.language = en
2020-04-05 02:35:14.994+0000 INFO  [o.n.k.i.DiagnosticsManager] awt.toolkit = sun.awt.X11.XToolkit
2020-04-05 02:35:14.994+0000 INFO  [o.n.k.i.DiagnosticsManager] jdk.tls.ephemeralDHKeySize = 2048
2020-04-05 02:35:14.994+0000 INFO  [o.n.k.i.DiagnosticsManager] file.separator = /
2020-04-05 02:35:14.994+0000 INFO  [o.n.k.i.DiagnosticsManager] sun.io.unicode.encoding = UnicodeLittle
2020-04-05 02:35:14.994+0000 INFO  [o.n.k.i.DiagnosticsManager] sun.cpu.endian = little
2020-04-05 02:35:14.994+0000 INFO  [o.n.k.i.DiagnosticsManager] sun.cpu.isalist = 
2020-04-05 02:35:14.994+0000 INFO  [o.n.k.i.DiagnosticsManager] Linux scheduler information:
2020-04-05 02:35:15.003+0000 INFO  [o.n.k.i.DiagnosticsManager] [mq-deadline] kyber none
2020-04-05 02:35:15.003+0000 INFO  [o.n.k.i.DiagnosticsManager] none
2020-04-05 02:35:15.003+0000 INFO  [o.n.k.i.DiagnosticsManager] [mq-deadline] kyber none
2020-04-05 02:35:15.003+0000 INFO  [o.n.k.i.DiagnosticsManager] [mq-deadline] kyber none
2020-04-05 02:35:15.004+0000 INFO  [o.n.k.i.DiagnosticsManager] none
2020-04-05 02:35:15.004+0000 INFO  [o.n.k.i.DiagnosticsManager] [mq-deadline] kyber none
2020-04-05 02:35:15.004+0000 INFO  [o.n.k.i.DiagnosticsManager] [mq-deadline] kyber none
2020-04-05 02:35:15.004+0000 INFO  [o.n.k.i.DiagnosticsManager] none
2020-04-05 02:35:15.004+0000 INFO  [o.n.k.i.DiagnosticsManager] [mq-deadline] kyber none
2020-04-05 02:35:15.005+0000 INFO  [o.n.k.i.DiagnosticsManager] [mq-deadline] kyber none
2020-04-05 02:35:15.005+0000 INFO  [o.n.k.i.DiagnosticsManager] none
2020-04-05 02:35:15.005+0000 INFO  [o.n.k.i.DiagnosticsManager] none
2020-04-05 02:35:15.006+0000 INFO  [o.n.k.i.DiagnosticsManager] [mq-deadline] kyber none
2020-04-05 02:35:15.006+0000 INFO  [o.n.k.i.DiagnosticsManager] noop [deadline] cfq 
2020-04-05 02:35:15.006+0000 INFO  [o.n.k.i.DiagnosticsManager] [mq-deadline] kyber none
2020-04-05 02:35:15.006+0000 INFO  [o.n.k.i.DiagnosticsManager] none
2020-04-05 02:35:15.006+0000 INFO  [o.n.k.i.DiagnosticsManager] none
2020-04-05 02:35:15.007+0000 INFO  [o.n.k.i.DiagnosticsManager] [mq-deadline] kyber none
2020-04-05 02:35:15.007+0000 INFO  [o.n.k.i.DiagnosticsManager] noop [deadline] cfq 
2020-04-05 02:35:15.007+0000 INFO  [o.n.k.i.DiagnosticsManager] [mq-deadline] kyber none
2020-04-05 02:35:15.007+0000 INFO  [o.n.k.i.DiagnosticsManager] none
2020-04-05 02:35:15.007+0000 INFO  [o.n.k.i.DiagnosticsManager] none
2020-04-05 02:35:15.008+0000 INFO  [o.n.k.i.DiagnosticsManager] [mq-deadline] kyber none
2020-04-05 02:35:15.008+0000 INFO  [o.n.k.i.DiagnosticsManager] [mq-deadline] kyber none
2020-04-05 02:35:15.008+0000 INFO  [o.n.k.i.DiagnosticsManager] none
2020-04-05 02:35:15.008+0000 INFO  [o.n.k.i.DiagnosticsManager] [mq-deadline] kyber none
2020-04-05 02:35:15.009+0000 INFO  [o.n.k.i.DiagnosticsManager] [mq-deadline] kyber none
2020-04-05 02:35:15.009+0000 INFO  [o.n.k.i.DiagnosticsManager] [mq-deadline] kyber none
2020-04-05 02:35:15.009+0000 INFO  [o.n.k.i.DiagnosticsManager] [mq-deadline] kyber none
2020-04-05 02:35:15.009+0000 INFO  [o.n.k.i.DiagnosticsManager] [mq-deadline] kyber none
2020-04-05 02:35:15.009+0000 INFO  [o.n.k.i.DiagnosticsManager] none
2020-04-05 02:35:15.010+0000 INFO  [o.n.k.i.DiagnosticsManager] noop [deadline] cfq 
2020-04-05 02:35:15.010+0000 INFO  [o.n.k.i.DiagnosticsManager] none
2020-04-05 02:35:15.010+0000 INFO  [o.n.k.i.DiagnosticsManager] [mq-deadline] kyber none
2020-04-05 02:35:15.010+0000 INFO  [o.n.k.i.DiagnosticsManager] [mq-deadline] kyber none
2020-04-05 02:35:15.010+0000 INFO  [o.n.k.i.DiagnosticsManager] [mq-deadline] kyber none
2020-04-05 02:35:15.010+0000 INFO  [o.n.k.i.DiagnosticsManager] none
2020-04-05 02:35:15.011+0000 INFO  [o.n.k.i.DiagnosticsManager] none
2020-04-05 02:35:15.011+0000 INFO  [o.n.k.i.DiagnosticsManager] [mq-deadline] kyber none
2020-04-05 02:35:15.011+0000 INFO  [o.n.k.i.DiagnosticsManager] noop [deadline] cfq 
2020-04-05 02:35:15.011+0000 INFO  [o.n.k.i.DiagnosticsManager] [mq-deadline] kyber none
2020-04-05 02:35:15.011+0000 INFO  [o.n.k.i.DiagnosticsManager] none
2020-04-05 02:35:15.011+0000 INFO  [o.n.k.i.DiagnosticsManager] none
2020-04-05 02:35:15.012+0000 INFO  [o.n.k.i.DiagnosticsManager] [mq-deadline] kyber none
2020-04-05 02:35:15.012+0000 INFO  [o.n.k.i.DiagnosticsManager] Network information:
2020-04-05 02:35:15.013+0000 INFO  [o.n.k.i.DiagnosticsManager] Interface eth0:
2020-04-05 02:35:15.013+0000 INFO  [o.n.k.i.DiagnosticsManager]     address: 172.20.0.2
2020-04-05 02:35:15.013+0000 INFO  [o.n.k.i.DiagnosticsManager] Interface lo:
2020-04-05 02:35:15.013+0000 INFO  [o.n.k.i.DiagnosticsManager]     address: 127.0.0.1
2020-04-05 02:35:15.013+0000 INFO  [o.n.k.i.DiagnosticsManager] --- INITIALIZED diagnostics END ---
2020-04-05 02:35:15.268+0000 INFO  [o.n.b.v.r.WorkerFactory] Bolt Server extension loaded.
2020-04-05 02:35:15.270+0000 INFO  [o.n.b.v.r.WorkerFactory] Bolt enabled on 0.0.0.0:7687.
2020-04-05 02:35:15.414+0000 INFO  [o.n.k.i.s.f.RecordFormatSelector] Selected format 'RecordFormat:StandardV3_0[v0.A.7]' for the new store
2020-04-05 02:35:16.421+0000 INFO  [o.n.k.a.i.l.LuceneLabelScanStore] No lucene scan store index found, this might just be first use. Preparing to rebuild.
2020-04-05 02:35:16.560+0000 INFO  [o.n.k.NeoStoreDataSource] Opened logical log [/var/lib/neo4j/data/databases/graph.db/neostore.transaction.db.0] version=0, lastTxId=1 (clean)
2020-04-05 02:35:16.572+0000 WARN  [o.n.k.i.s.MetaDataStore] Missing counts store, rebuilding it.
2020-04-05 02:35:16.661+0000 INFO  [o.n.k.a.i.l.LuceneLabelScanStore] Rebuilding lucene scan store, this may take a while
2020-04-05 02:35:16.676+0000 INFO  [o.n.k.a.i.l.LuceneLabelScanStore] Lucene scan store rebuilt (roughly 0 nodes)
2020-04-05 02:35:16.685+0000 INFO  [o.n.k.i.DatabaseHealth] Database health set to OK
2020-04-05 02:35:17.222+0000 INFO  [o.n.k.AvailabilityGuard] Fulfilling of requirement makes database available: Database available
2020-04-05 02:35:17.225+0000 INFO  [o.n.k.i.f.GraphDatabaseFacadeFactory] Database is now ready
2020-04-05 02:35:17.229+0000 INFO  [o.n.k.i.DiagnosticsManager] --- STARTED diagnostics for KernelDiagnostics:Versions START ---
2020-04-05 02:35:17.231+0000 INFO  [o.n.k.i.DiagnosticsManager] Graph Database: community single StoreId{creationTime=1586054116176, randomId=-8865514417413636025, storeVersion=15531981201765894, upgradeTime=1586054116176, upgradeId=1}
2020-04-05 02:35:17.234+0000 INFO  [o.n.k.i.DiagnosticsManager] Kernel version: 3.1.1,89b7bf20d72f757945f8c32988e4e4c1c83ce013
2020-04-05 02:35:17.238+0000 INFO  [o.n.k.i.DiagnosticsManager] --- STARTED diagnostics for KernelDiagnostics:Versions END ---
2020-04-05 02:35:17.245+0000 INFO  [o.n.k.i.DiagnosticsManager] --- STARTED diagnostics for NEO_STORE_VERSIONS START ---
2020-04-05 02:35:17.248+0000 INFO  [o.n.k.i.DiagnosticsManager] Store versions:
2020-04-05 02:35:17.250+0000 INFO  [o.n.k.i.DiagnosticsManager] Store versions:
2020-04-05 02:35:17.252+0000 INFO  [o.n.k.i.DiagnosticsManager]   ArrayPropertyStore v0.A.7
2020-04-05 02:35:17.253+0000 INFO  [o.n.k.i.DiagnosticsManager]   NodeStore v0.A.7
2020-04-05 02:35:17.255+0000 INFO  [o.n.k.i.DiagnosticsManager]   StringPropertyStore v0.A.7
2020-04-05 02:35:17.258+0000 INFO  [o.n.k.i.DiagnosticsManager]   PropertyIndexStore v0.A.7
2020-04-05 02:35:17.260+0000 INFO  [o.n.k.i.DiagnosticsManager]   StringPropertyStore v0.A.7
2020-04-05 02:35:17.263+0000 INFO  [o.n.k.i.DiagnosticsManager]   ArrayPropertyStore v0.A.7
2020-04-05 02:35:17.265+0000 INFO  [o.n.k.i.DiagnosticsManager]   PropertyStore v0.A.7
2020-04-05 02:35:17.272+0000 INFO  [o.n.k.i.DiagnosticsManager]   RelationshipStore v0.A.7
2020-04-05 02:35:17.275+0000 INFO  [o.n.k.i.DiagnosticsManager]   StringPropertyStore v0.A.7
2020-04-05 02:35:17.277+0000 INFO  [o.n.k.i.DiagnosticsManager]   RelationshipTypeStore v0.A.7
2020-04-05 02:35:17.280+0000 INFO  [o.n.k.i.DiagnosticsManager]   StringPropertyStore v0.A.7
2020-04-05 02:35:17.287+0000 INFO  [o.n.k.i.DiagnosticsManager]   LabelTokenStore v0.A.7
2020-04-05 02:35:17.289+0000 INFO  [o.n.k.i.DiagnosticsManager]   SchemaStore v0.A.7
2020-04-05 02:35:17.292+0000 INFO  [o.n.k.i.DiagnosticsManager]   RelationshipGroupStore v0.A.7
2020-04-05 02:35:17.294+0000 INFO  [o.n.k.i.DiagnosticsManager]   NeoStore v0.A.7
2020-04-05 02:35:17.298+0000 INFO  [o.n.k.i.DiagnosticsManager] --- STARTED diagnostics for NEO_STORE_VERSIONS END ---
2020-04-05 02:35:17.301+0000 INFO  [o.n.k.i.DiagnosticsManager] --- STARTED diagnostics for NEO_STORE_ID_USAGE START ---
2020-04-05 02:35:17.303+0000 INFO  [o.n.k.i.DiagnosticsManager] Id usage:
2020-04-05 02:35:17.305+0000 INFO  [o.n.k.i.DiagnosticsManager] Id usage:
2020-04-05 02:35:17.310+0000 INFO  [o.n.k.i.DiagnosticsManager]   ArrayPropertyStore: used=1 high=0
2020-04-05 02:35:17.312+0000 INFO  [o.n.k.i.DiagnosticsManager]   NodeStore: used=0 high=-1
2020-04-05 02:35:17.314+0000 INFO  [o.n.k.i.DiagnosticsManager]   StringPropertyStore: used=1 high=0
2020-04-05 02:35:17.317+0000 INFO  [o.n.k.i.DiagnosticsManager]   PropertyIndexStore: used=0 high=-1
2020-04-05 02:35:17.320+0000 INFO  [o.n.k.i.DiagnosticsManager]   StringPropertyStore: used=1 high=0
2020-04-05 02:35:17.323+0000 INFO  [o.n.k.i.DiagnosticsManager]   ArrayPropertyStore: used=1 high=0
2020-04-05 02:35:17.326+0000 INFO  [o.n.k.i.DiagnosticsManager]   PropertyStore: used=0 high=-1
2020-04-05 02:35:17.329+0000 INFO  [o.n.k.i.DiagnosticsManager]   RelationshipStore: used=0 high=-1
2020-04-05 02:35:17.331+0000 INFO  [o.n.k.i.DiagnosticsManager]   StringPropertyStore: used=1 high=0
2020-04-05 02:35:17.335+0000 INFO  [o.n.k.i.DiagnosticsManager]   RelationshipTypeStore: used=0 high=-1
2020-04-05 02:35:17.337+0000 INFO  [o.n.k.i.DiagnosticsManager]   StringPropertyStore: used=1 high=0
2020-04-05 02:35:17.339+0000 INFO  [o.n.k.i.DiagnosticsManager]   LabelTokenStore: used=0 high=-1
2020-04-05 02:35:17.341+0000 INFO  [o.n.k.i.DiagnosticsManager]   SchemaStore: used=1 high=0
2020-04-05 02:35:17.342+0000 INFO  [o.n.k.i.DiagnosticsManager]   RelationshipGroupStore: used=1 high=0
2020-04-05 02:35:17.344+0000 INFO  [o.n.k.i.DiagnosticsManager]   NeoStore: used=15 high=14
2020-04-05 02:35:17.346+0000 INFO  [o.n.k.i.DiagnosticsManager] --- STARTED diagnostics for NEO_STORE_ID_USAGE END ---
2020-04-05 02:35:17.347+0000 INFO  [o.n.k.i.DiagnosticsManager] --- STARTED diagnostics for NEO_STORE_RECORDS START ---
2020-04-05 02:35:17.349+0000 INFO  [o.n.k.i.DiagnosticsManager] Neostore records:
2020-04-05 02:35:17.353+0000 INFO  [o.n.k.i.DiagnosticsManager] TIME (Creation time): 1586054116176
2020-04-05 02:35:17.354+0000 INFO  [o.n.k.i.DiagnosticsManager] RANDOM_NUMBER (Random number for store id): -8865514417413636025
2020-04-05 02:35:17.356+0000 INFO  [o.n.k.i.DiagnosticsManager] LOG_VERSION (Current log version): 0
2020-04-05 02:35:17.358+0000 INFO  [o.n.k.i.DiagnosticsManager] LAST_TRANSACTION_ID (Last committed transaction): 1
2020-04-05 02:35:17.359+0000 INFO  [o.n.k.i.DiagnosticsManager] STORE_VERSION (Store format version): 15531981201765894
2020-04-05 02:35:17.361+0000 INFO  [o.n.k.i.DiagnosticsManager] FIRST_GRAPH_PROPERTY (First property record containing graph properties): -1
2020-04-05 02:35:17.362+0000 INFO  [o.n.k.i.DiagnosticsManager] LAST_CONSTRAINT_TRANSACTION (Last committed transaction containing constraint changes): 0
2020-04-05 02:35:17.364+0000 INFO  [o.n.k.i.DiagnosticsManager] UPGRADE_TRANSACTION_ID (Transaction id most recent upgrade was performed at): 1
2020-04-05 02:35:17.366+0000 INFO  [o.n.k.i.DiagnosticsManager] UPGRADE_TIME (Time of last upgrade): 1586054116176
2020-04-05 02:35:17.368+0000 INFO  [o.n.k.i.DiagnosticsManager] LAST_TRANSACTION_CHECKSUM (Checksum of last committed transaction): 0
2020-04-05 02:35:17.371+0000 INFO  [o.n.k.i.DiagnosticsManager] UPGRADE_TRANSACTION_CHECKSUM (Checksum of transaction id the most recent upgrade was performed at): 0
2020-04-05 02:35:17.372+0000 INFO  [o.n.k.i.DiagnosticsManager] LAST_CLOSED_TRANSACTION_LOG_VERSION (Log version where the last transaction commit entry has been written into): 0
2020-04-05 02:35:17.374+0000 INFO  [o.n.k.i.DiagnosticsManager] LAST_CLOSED_TRANSACTION_LOG_BYTE_OFFSET (Byte offset in the log file where the last transaction commit entry has been written into): 16
2020-04-05 02:35:17.375+0000 INFO  [o.n.k.i.DiagnosticsManager] LAST_TRANSACTION_COMMIT_TIMESTAMP (Commit time timestamp for last committed transaction): 0
2020-04-05 02:35:17.377+0000 INFO  [o.n.k.i.DiagnosticsManager] UPGRADE_TRANSACTION_COMMIT_TIMESTAMP (Commit timestamp of transaction the most recent upgrade was performed at): 0
2020-04-05 02:35:17.379+0000 INFO  [o.n.k.i.DiagnosticsManager] --- STARTED diagnostics for NEO_STORE_RECORDS END ---
2020-04-05 02:35:17.382+0000 INFO  [o.n.k.i.DiagnosticsManager] --- STARTED diagnostics for TRANSACTION_RANGE START ---
2020-04-05 02:35:17.384+0000 INFO  [o.n.k.i.DiagnosticsManager] Transaction log:
2020-04-05 02:35:17.393+0000 INFO  [o.n.k.i.DiagnosticsManager] No transactions found in any log
2020-04-05 02:35:17.395+0000 INFO  [o.n.k.i.DiagnosticsManager] --- STARTED diagnostics for TRANSACTION_RANGE END ---
2020-04-05 02:35:17.398+0000 INFO  [o.n.k.i.DiagnosticsManager] --- STARTED diagnostics for KernelDiagnostics:StoreFiles START ---
2020-04-05 02:35:17.402+0000 INFO  [o.n.k.i.DiagnosticsManager] Disk space on partition (Total / Free / Free %): 250685575168 / 181110898688 / 72
Storage files: (filename : modification date - size)
2020-04-05 02:35:17.411+0000 INFO  [o.n.k.i.DiagnosticsManager]   index:
2020-04-05 02:35:17.419+0000 INFO  [o.n.k.i.DiagnosticsManager]   - Total: 2020-04-05T02:35:16+0000 - 0.00 B
2020-04-05 02:35:17.423+0000 INFO  [o.n.k.i.DiagnosticsManager]   neostore: 2020-04-05T02:35:16+0000 - 8.00 kB
2020-04-05 02:35:17.428+0000 INFO  [o.n.k.i.DiagnosticsManager]   neostore.counts.db.a: 2020-04-05T02:35:16+0000 - 96.00 B
2020-04-05 02:35:17.432+0000 INFO  [o.n.k.i.DiagnosticsManager]   neostore.id: 2020-04-05T02:35:16+0000 - 9.00 B
2020-04-05 02:35:17.437+0000 INFO  [o.n.k.i.DiagnosticsManager]   neostore.labeltokenstore.db: 2020-04-05T02:35:16+0000 - 0.00 B
2020-04-05 02:35:17.442+0000 INFO  [o.n.k.i.DiagnosticsManager]   neostore.labeltokenstore.db.id: 2020-04-05T02:35:16+0000 - 9.00 B
2020-04-05 02:35:17.446+0000 INFO  [o.n.k.i.DiagnosticsManager]   neostore.labeltokenstore.db.names: 2020-04-05T02:35:15+0000 - 8.00 kB
2020-04-05 02:35:17.450+0000 INFO  [o.n.k.i.DiagnosticsManager]   neostore.labeltokenstore.db.names.id: 2020-04-05T02:35:16+0000 - 9.00 B
2020-04-05 02:35:17.456+0000 INFO  [o.n.k.i.DiagnosticsManager]   neostore.nodestore.db: 2020-04-05T02:35:15+0000 - 0.00 B
2020-04-05 02:35:17.459+0000 INFO  [o.n.k.i.DiagnosticsManager]   neostore.nodestore.db.id: 2020-04-05T02:35:15+0000 - 9.00 B
2020-04-05 02:35:17.463+0000 INFO  [o.n.k.i.DiagnosticsManager]   neostore.nodestore.db.labels: 2020-04-05T02:35:15+0000 - 8.00 kB
2020-04-05 02:35:17.469+0000 INFO  [o.n.k.i.DiagnosticsManager]   neostore.nodestore.db.labels.id: 2020-04-05T02:35:15+0000 - 9.00 B
2020-04-05 02:35:17.474+0000 INFO  [o.n.k.i.DiagnosticsManager]   neostore.propertystore.db: 2020-04-05T02:35:15+0000 - 0.00 B
2020-04-05 02:35:17.479+0000 INFO  [o.n.k.i.DiagnosticsManager]   neostore.propertystore.db.arrays: 2020-04-05T02:35:15+0000 - 8.00 kB
2020-04-05 02:35:17.484+0000 INFO  [o.n.k.i.DiagnosticsManager]   neostore.propertystore.db.arrays.id: 2020-04-05T02:35:15+0000 - 9.00 B
2020-04-05 02:35:17.488+0000 INFO  [o.n.k.i.DiagnosticsManager]   neostore.propertystore.db.id: 2020-04-05T02:35:15+0000 - 9.00 B
2020-04-05 02:35:17.494+0000 INFO  [o.n.k.i.DiagnosticsManager]   neostore.propertystore.db.index: 2020-04-05T02:35:15+0000 - 0.00 B
2020-04-05 02:35:17.498+0000 INFO  [o.n.k.i.DiagnosticsManager]   neostore.propertystore.db.index.id: 2020-04-05T02:35:15+0000 - 9.00 B
2020-04-05 02:35:17.503+0000 INFO  [o.n.k.i.DiagnosticsManager]   neostore.propertystore.db.index.keys: 2020-04-05T02:35:15+0000 - 8.00 kB
2020-04-05 02:35:17.507+0000 INFO  [o.n.k.i.DiagnosticsManager]   neostore.propertystore.db.index.keys.id: 2020-04-05T02:35:15+0000 - 9.00 B
2020-04-05 02:35:17.511+0000 INFO  [o.n.k.i.DiagnosticsManager]   neostore.propertystore.db.strings: 2020-04-05T02:35:15+0000 - 8.00 kB
2020-04-05 02:35:17.515+0000 INFO  [o.n.k.i.DiagnosticsManager]   neostore.propertystore.db.strings.id: 2020-04-05T02:35:15+0000 - 9.00 B
2020-04-05 02:35:17.520+0000 INFO  [o.n.k.i.DiagnosticsManager]   neostore.relationshipgroupstore.db: 2020-04-05T02:35:16+0000 - 8.00 kB
2020-04-05 02:35:17.524+0000 INFO  [o.n.k.i.DiagnosticsManager]   neostore.relationshipgroupstore.db.id: 2020-04-05T02:35:16+0000 - 9.00 B
2020-04-05 02:35:17.528+0000 INFO  [o.n.k.i.DiagnosticsManager]   neostore.relationshipstore.db: 2020-04-05T02:35:15+0000 - 0.00 B
2020-04-05 02:35:17.532+0000 INFO  [o.n.k.i.DiagnosticsManager]   neostore.relationshipstore.db.id: 2020-04-05T02:35:15+0000 - 9.00 B
2020-04-05 02:35:17.536+0000 INFO  [o.n.k.i.DiagnosticsManager]   neostore.relationshiptypestore.db: 2020-04-05T02:35:15+0000 - 0.00 B
2020-04-05 02:35:17.540+0000 INFO  [o.n.k.i.DiagnosticsManager]   neostore.relationshiptypestore.db.id: 2020-04-05T02:35:15+0000 - 9.00 B
2020-04-05 02:35:17.547+0000 INFO  [o.n.k.i.DiagnosticsManager]   neostore.relationshiptypestore.db.names: 2020-04-05T02:35:15+0000 - 8.00 kB
2020-04-05 02:35:17.552+0000 INFO  [o.n.k.i.DiagnosticsManager]   neostore.relationshiptypestore.db.names.id: 2020-04-05T02:35:15+0000 - 9.00 B
2020-04-05 02:35:17.557+0000 INFO  [o.n.k.i.DiagnosticsManager]   neostore.schemastore.db: 2020-04-05T02:35:16+0000 - 8.00 kB
2020-04-05 02:35:17.561+0000 INFO  [o.n.k.i.DiagnosticsManager]   neostore.schemastore.db.id: 2020-04-05T02:35:16+0000 - 9.00 B
2020-04-05 02:35:17.567+0000 INFO  [o.n.k.i.DiagnosticsManager]   neostore.transaction.db.0: 2020-04-05T02:35:16+0000 - 16.00 B
2020-04-05 02:35:17.571+0000 INFO  [o.n.k.i.DiagnosticsManager]   schema:
2020-04-05 02:35:17.576+0000 INFO  [o.n.k.i.DiagnosticsManager]     label:
2020-04-05 02:35:17.582+0000 INFO  [o.n.k.i.DiagnosticsManager]       lucene:
2020-04-05 02:35:17.589+0000 INFO  [o.n.k.i.DiagnosticsManager]         labelStore:
2020-04-05 02:35:17.596+0000 INFO  [o.n.k.i.DiagnosticsManager]           1:
2020-04-05 02:35:17.603+0000 INFO  [o.n.k.i.DiagnosticsManager]             write.lock: 2020-04-05T02:35:16+0000 - 0.00 B
2020-04-05 02:35:17.608+0000 INFO  [o.n.k.i.DiagnosticsManager]           - Total: 2020-04-05T02:35:16+0000 - 0.00 B
2020-04-05 02:35:17.615+0000 INFO  [o.n.k.i.DiagnosticsManager]           failure-message: 2020-04-05T02:35:16+0000 - 16.00 kB
2020-04-05 02:35:17.620+0000 INFO  [o.n.k.i.DiagnosticsManager]         - Total: 2020-04-05T02:35:16+0000 - 16.00 kB
2020-04-05 02:35:17.624+0000 INFO  [o.n.k.i.DiagnosticsManager]       - Total: 2020-04-05T02:35:16+0000 - 16.00 kB
2020-04-05 02:35:17.627+0000 INFO  [o.n.k.i.DiagnosticsManager]     - Total: 2020-04-05T02:35:16+0000 - 16.00 kB
2020-04-05 02:35:17.631+0000 INFO  [o.n.k.i.DiagnosticsManager]   - Total: 2020-04-05T02:35:16+0000 - 16.00 kB
2020-04-05 02:35:17.635+0000 INFO  [o.n.k.i.DiagnosticsManager]   store_lock: 2020-04-05T02:35:15+0000 - 0.00 B
2020-04-05 02:35:17.637+0000 INFO  [o.n.k.i.DiagnosticsManager] --- STARTED diagnostics for KernelDiagnostics:StoreFiles END ---
2020-04-05 02:35:19.694+0000 INFO  [o.n.k.i.DiagnosticsManager] --- SERVER STARTED START ---
2020-04-05 02:35:20.728+0000 INFO  [o.n.k.i.DiagnosticsManager] --- SERVER STARTED END ---
